<?xml version="1.0" encoding="UTF-8"?>
<!-- Generated by org.testng.reporters.JUnitXMLReporter -->
<testsuite ignored="5" hostname="DESKTOP-H5TQTBC" failures="0" tests="1" name="Rest API Test" time="2.403" errors="0" timestamp="2021-11-02T14:45:41 IST">
  <testcase classname="com.rest.CRUD.RestAPI_CRUD_Operations" name="getUsersDataOnAPage" time="2.36"/>
  <testcase classname="com.rest.CRUD.RestAPI_CRUD_Operations" name="createUser" time="0.0">
    <ignored/>
  </testcase> <!-- createUser -->
  <testcase classname="com.rest.CRUD.RestAPI_CRUD_Operations" name="updateUserByID" time="0.0">
    <ignored/>
  </testcase> <!-- updateUserByID -->
  <testcase classname="com.rest.CRUD.RestAPI_CRUD_Operations" name="deleteUserByID" time="0.0">
    <ignored/>
  </testcase> <!-- deleteUserByID -->
  <testcase classname="com.rest.CRUD.RestAPI_CRUD_Operations" name="getUserByID" time="0.0">
    <ignored/>
  </testcase> <!-- getUserByID -->
  <testcase classname="com.rest.CRUD.RestAPI_CRUD_Operations" name="partialUpdateUser" time="0.0">
    <ignored/>
  </testcase> <!-- partialUpdateUser -->
</testsuite> <!-- Rest API Test -->
